145143.051 - 1000	Desert			Partition: 0
145143.062 - 1001	MysticCastle			Partition: 1
145143.083 - 1002	CentralPlain			Partition: 2
145143.089 - 1003	MineCave			Partition: 3
145143.094 - 1004	JobCenter			Partition: 4
145143.098 - 1005	Arena			Partition: 5
145143.103 - 1006	Stable			Partition: 0
145143.109 - 1007	Blachsmith			Partition: 1
145143.118 - 1008	Grocery			Partition: 2
145143.122 - 1009	ArmorStore			Partition: 3
145143.125 - 1010	BirthVillage			Partition: 4
145143.135 - 1011	Forest			Partition: 5
145143.140 - 1012	Dreamland			Partition: 0
145143.146 - 1013	TigerCave			Partition: 1
145143.151 - 1014	DragonPool			Partition: 2
145143.201 - 1015	Island			Partition: 3
145143.205 - 1016	KylinCave			Partition: 4
145143.211 - 1018	Arena			Partition: 5
145143.221 - 1020	Canyon			Partition: 0
145143.226 - 1021	CopperMine			Partition: 1
145143.230 - 1028	IronMine			Partition: 2
145143.234 - 1027	SilverMine			Partition: 3
145143.238 - 1026	CopperMine			Partition: 4
145143.244 - 1025	IronMine			Partition: 5
145143.247 - 1036	Market			Partition: 0
145143.262 - 1038	GuildArea			Partition: 1
145143.272 - 1039	TrainingGround			Partition: 2
145143.277 - 1063	AdventureIsland			Partition: 3
145143.287 - 1062	Maze3			Partition: 4
145143.293 - 1042	PassPortal			Partition: 5
145143.295 - 1043	Peace			Partition: 0
145143.298 - 1044	Chaos			Partition: 1
145143.302 - 1045	Deserted			Partition: 2
145143.305 - 1046	Prosperous			Partition: 3
145143.308 - 1047	Disturbed			Partition: 4
145143.311 - 1048	Calmed			Partition: 5
145143.314 - 1049	Death			Partition: 0
145143.316 - 1050	Life			Partition: 1
145143.327 - 1051	MysticIsland			Partition: 2
145143.339 - 1052	TestIsland			Partition: 3
145143.350 - 1061	Maze2			Partition: 4
145143.361 - 1060	Maze1			Partition: 5
145143.368 - 1041	PrizeClaimingMa			Partition: 0
145143.371 - 1040	SkyCityPass			Partition: 1
145143.376 - 1070	SnakeDen			Partition: 2
145143.387 - 1075	NewCanyon			Partition: 3
145143.392 - 1076	NewForest			Partition: 4
145143.397 - 1077	NewDesert			Partition: 5
145143.449 - 1078	NewIsland			Partition: 0
145143.452 - 1080	Arena2			Partition: 1
145143.456 - 1081	Arena3			Partition: 2
145143.460 - 1100	MoonPlatform			Partition: 3
145143.464 - 1101	MoonPlatform			Partition: 4
145143.467 - 1102	MoonPlatform			Partition: 5
145143.471 - 1103	MoonPlatform			Partition: 0
145143.476 - 1104	MoonPlatform			Partition: 1
145143.479 - 1105	MoonPlatform			Partition: 2
145143.482 - 1106	MoonPlatform			Partition: 3
145143.486 - 1107	MoonPlatform			Partition: 4
145143.491 - 1108	MoonPlatform			Partition: 5
145143.495 - 1109	MoonPlatform			Partition: 0
145143.498 - 5000	NPCJail			Partition: 1
145143.501 - 6000	PKerJail			Partition: 2
145143.503 - 6001	Jail			Partition: 3
145143.505 - 6010	AFKerJail			Partition: 4
145143.520 - 1201	GlobeQuest1			Partition: 5
145143.526 - 1202	GlobeQuest2			Partition: 0
145143.533 - 1204	GlobeQuest4			Partition: 1
145143.544 - 1205	GlobeQuest5			Partition: 2
145143.551 - 1207	GlobeQuest7			Partition: 3
145143.581 - 1208	GlobeQuest8			Partition: 4
145143.587 - 1210	GlobeQuest10			Partition: 5
145143.595 - 1211	GlobeQuest11			Partition: 0
145143.649 - 1212	GlobeIsland			Partition: 1
145143.662 - 1213	GlobeDesert			Partition: 2
145143.670 - 1214	GlobeCanyon			Partition: 3
145143.684 - 1215	GlobeForest			Partition: 4
145143.692 - 1216	GlobePlain			Partition: 5
145143.697 - 1217	JointCanyon			Partition: 0
145143.700 - 1218	CopperMine			Partition: 1
145143.751 - 1219	GlobeExit			Partition: 2
145143.754 - 2000	IronMine2			Partition: 3
145143.757 - 2001	IronMine2F			Partition: 4
145143.763 - 1300	DemonCave			Partition: 5
145143.770 - 2002	IronMine3F			Partition: 0
145143.774 - 2003	IronMine3F			Partition: 1
145143.777 - 2004	IronMine3F			Partition: 2
145143.781 - 2005	IronMine3F			Partition: 3
145143.783 - 2006	IronMine4F			Partition: 4
145143.786 - 2007	IronMine4F			Partition: 5
145143.789 - 2008	IronMine4F			Partition: 0
145143.792 - 2009	IronMine4F			Partition: 1
145143.795 - 2010	IronMine4F			Partition: 2
145143.798 - 2011	IronMine4F			Partition: 3
145143.800 - 2012	IronMine4F			Partition: 4
145143.803 - 2013	IronMine4F			Partition: 5
145143.805 - 2020	CopperMine2F			Partition: 0
145143.809 - 2021	CopperMine2F			Partition: 1
145143.812 - 2022	CopperMine3F			Partition: 2
145143.814 - 2023	CopperMine3F			Partition: 3
145143.817 - 2024	CopperMine3F			Partition: 4
145143.819 - 2025	CopperMine3F			Partition: 5
145143.822 - 2026	CopperMine4F			Partition: 0
145143.826 - 2027	CopperMine4F			Partition: 1
145143.828 - 2028	CopperMine4F			Partition: 2
145143.831 - 2029	CopperMine4F			Partition: 3
145143.833 - 2030	CopperMine4F			Partition: 4
145143.835 - 2031	CopperMine4F			Partition: 5
145143.839 - 2032	CopperMine4F			Partition: 0
145143.842 - 2033	CopperMine4F			Partition: 1
145143.845 - 2040	SilverMine2F			Partition: 2
145143.847 - 2041	SilverMine2F			Partition: 3
145143.850 - 2042	SilverMine3F			Partition: 4
145143.853 - 2043	SilverMine3F			Partition: 5
145143.855 - 2044	SilverMine3F			Partition: 0
145143.863 - 2045	SilverMine3F			Partition: 1
145143.866 - 2046	SilverMine4F			Partition: 2
145143.869 - 2047	SilverMine4F			Partition: 3
145143.871 - 2048	SilverMine4F			Partition: 4
145143.874 - 2049	SilverMine4F			Partition: 5
145143.877 - 2050	SilverMine4F			Partition: 0
145143.879 - 2051	SilverMine4F			Partition: 1
145143.882 - 2052	SilverMine4F			Partition: 2
145143.884 - 2053	SilverMine4F			Partition: 3
145143.887 - 6002	MacroJail			Partition: 4
145143.890 - 1351	Labyrinth			Partition: 5
145143.893 - 1352	Labyrinth			Partition: 0
145143.896 - 1353	Labyrinth			Partition: 1
145143.913 - 1354	Labyrinth			Partition: 2
145143.916 - 1095	Arena2			Partition: 3
145143.919 - 1094	Arena1			Partition: 4
145143.922 - 1093	Arena2			Partition: 5
145143.926 - 1092	Arena1			Partition: 0
145143.929 - 1091	Arena2			Partition: 1
145143.933 - 1090	Arena1			Partition: 2
145143.935 - 1505	CityArena1			Partition: 3
145143.938 - 1515	CityArena1			Partition: 4
145143.941 - 1525	CityArena1			Partition: 5
145143.944 - 1506	CityArena2			Partition: 0
145143.946 - 1516	CityArena2			Partition: 1
145143.949 - 1526	CityArena2			Partition: 2
145143.952 - 1511	FurnitureStore			Partition: 3
145143.954 - 1528	CityArena4			Partition: 4
145143.957 - 1518	CityArena4			Partition: 5
145143.960 - 1508	CityArena4			Partition: 0
145143.965 - 1451	MeteorArena			Partition: 1
145143.968 - 4025	BattleFormation			Partition: 2
145143.970 - 4024	RightCloister			Partition: 3
145143.979 - 4023	LeftCloister			Partition: 4
145143.994 - 4022	HellHall			Partition: 5
145144.009 - 4021	HellGate			Partition: 0
145144.013 - 5002	Trap			Partition: 1
145144.016 - 1551	HalloweenCity1			Partition: 2
145144.018 - 1550	HalloweenCity1			Partition: 3
145144.021 - 700	LotteryMap			Partition: 4
145144.033 - 1700	EvilAbyss			Partition: 5
145144.036 - 1500	ClassPKArena1			Partition: 0
145144.038 - 1501	ClassPKArena2			Partition: 1
145144.041 - 1502	ClassPKArena3			Partition: 2
145144.044 - 1837	ClassPKArena4			Partition: 3
145144.046 - 1838	ClassPKArena5			Partition: 4
145144.049 - 1839	ClassPKArena6			Partition: 5
145144.051 - 1928	ClassPKArena10			Partition: 0
145144.054 - 1946	ClassPKArena7			Partition: 1
145144.058 - 1947	ClassPKArena8			Partition: 2
145144.061 - 1948	ClassPKArena9			Partition: 3
145144.064 - 3000	ClassPKArena10			Partition: 4
145144.067 - 3001	ClassPKArena11			Partition: 5
145144.069 - 3002	ClassPKArena12			Partition: 0
145144.071 - 3003	ClassPKArena13			Partition: 1
145144.075 - 3004	ClassPKArena14			Partition: 2
145144.077 - 3005	ClassPKArena15			Partition: 3
145144.079 - 3006	ClassPKArena16			Partition: 4
145144.082 - 3007	ClassPKArena17			Partition: 5
145144.086 - 3008	ClassPKArena18			Partition: 0
145144.090 - 3009	ClassPKArena19			Partition: 1
145144.093 - 3010	ClassPKArena20			Partition: 2
145144.096 - 3011	ClassPKArena21			Partition: 3
145144.098 - 3012	ClassPKArena22			Partition: 4
145144.101 - 3013	ClassPKArena23			Partition: 5
145144.103 - 3014	ClassPKArena24			Partition: 0
145144.106 - 3015	ClassPKArena25			Partition: 1
145144.109 - 3016	ClassPKWarArena26			Partition: 2
145144.112 - 3017	ClassPKWarArena27			Partition: 3
145144.114 - 3018	ClassPKWarArena28			Partition: 4
145144.118 - 3019	ClassPKWarArena29			Partition: 5
145144.120 - 3862	ClassPKArena34			Partition: 0
145144.122 - 3863	ClassPKArena35			Partition: 1
145144.125 - 3864	ClassPKArena36			Partition: 2
145144.142 - 3865	ClassPKArena37			Partition: 3
145144.145 - 9903	ClassPKArena30			Partition: 4
145144.148 - 9904	ClassPKArena31			Partition: 5
145144.151 - 9905	ClassPKArena32			Partition: 0
145144.153 - 9906	ClassPKArena33			Partition: 1
145144.156 - 10392	ClassPKArena42			Partition: 2
145144.159 - 10393	ClassPKArena43			Partition: 3
145144.163 - 10394	ClassPKArena44			Partition: 4
145144.166 - 10395	ClassPKArena45			Partition: 5
145144.170 - 1762	FrozenGrotto1			Partition: 0
145144.175 - 1927	FrozenGrotto2			Partition: 1
145144.184 - 601	OfflineTG			Partition: 2
145144.187 - 1072	CityArena4			Partition: 3
145144.191 - 2080	LineSkillPKTournamentMap			Partition: 4
145144.195 - 1806	OrchidGarden			Partition: 5
145144.200 - 1782	TreasureHouse			Partition: 0
145144.204 - 1783	TreasureHouse1			Partition: 1
145144.208 - 1784	Hut			Partition: 2
145144.212 - 1785	Dungeon1F			Partition: 3
145144.215 - 1786	Dungeon2F			Partition: 4
145144.217 - 1787	Dungeon3F			Partition: 5
145144.221 - 1794	ViperCave			Partition: 0
145144.227 - 1792	SwanLake			Partition: 1
145144.230 - 1791	RoseGarden			Partition: 2
145144.232 - 900000	PlayersArena			Partition: 3
145144.239 - 1863	TwinCityArena			Partition: 4
145144.243 - 1864	WindPlainArena			Partition: 5
145144.246 - 1868	PhoenixCastleArena			Partition: 0
145144.248 - 1869	MapleForestArena			Partition: 1
145144.250 - 1873	ApeCityArena			Partition: 2
145144.253 - 1874	LoveCanyonArena			Partition: 3
145144.255 - 1878	BirdIslandArena			Partition: 4
145144.258 - 1879	BirdIslandArena			Partition: 5
145144.260 - 1883	DesertCityArena			Partition: 0
145144.263 - 1884	DesertArena			Partition: 1
145144.266 - 2075	CastleWar			Partition: 2
145239.582 - 1000	Desert			Partition: 0
145239.595 - 1001	MysticCastle			Partition: 1
145239.615 - 1002	CentralPlain			Partition: 2
145239.621 - 1003	MineCave			Partition: 3
145239.626 - 1004	JobCenter			Partition: 4
145239.630 - 1005	Arena			Partition: 5
145239.635 - 1006	Stable			Partition: 0
145239.647 - 1007	Blachsmith			Partition: 1
145239.651 - 1008	Grocery			Partition: 2
145239.655 - 1009	ArmorStore			Partition: 3
145239.657 - 1010	BirthVillage			Partition: 4
145239.667 - 1011	Forest			Partition: 5
145239.672 - 1012	Dreamland			Partition: 0
145239.678 - 1013	TigerCave			Partition: 1
145239.684 - 1014	DragonPool			Partition: 2
145239.735 - 1015	Island			Partition: 3
145239.740 - 1016	KylinCave			Partition: 4
145239.746 - 1018	Arena			Partition: 5
145239.757 - 1020	Canyon			Partition: 0
145239.762 - 1021	CopperMine			Partition: 1
145239.766 - 1028	IronMine			Partition: 2
145239.770 - 1027	SilverMine			Partition: 3
145239.775 - 1026	CopperMine			Partition: 4
145239.779 - 1025	IronMine			Partition: 5
145239.782 - 1036	Market			Partition: 0
145239.797 - 1038	GuildArea			Partition: 1
145239.809 - 1039	TrainingGround			Partition: 2
145239.812 - 1063	AdventureIsland			Partition: 3
145239.822 - 1062	Maze3			Partition: 4
145239.827 - 1042	PassPortal			Partition: 5
145239.830 - 1043	Peace			Partition: 0
145239.832 - 1044	Chaos			Partition: 1
145239.835 - 1045	Deserted			Partition: 2
145239.838 - 1046	Prosperous			Partition: 3
145239.841 - 1047	Disturbed			Partition: 4
145239.844 - 1048	Calmed			Partition: 5
145239.847 - 1049	Death			Partition: 0
145239.849 - 1050	Life			Partition: 1
145239.862 - 1051	MysticIsland			Partition: 2
145239.877 - 1052	TestIsland			Partition: 3
145239.887 - 1061	Maze2			Partition: 4
145239.898 - 1060	Maze1			Partition: 5
145239.907 - 1041	PrizeClaimingMa			Partition: 0
145239.911 - 1040	SkyCityPass			Partition: 1
145239.915 - 1070	SnakeDen			Partition: 2
145239.927 - 1075	NewCanyon			Partition: 3
145239.933 - 1076	NewForest			Partition: 4
145239.940 - 1077	NewDesert			Partition: 5
145239.986 - 1078	NewIsland			Partition: 0
145239.992 - 1080	Arena2			Partition: 1
145239.995 - 1081	Arena3			Partition: 2
145239.999 - 1100	MoonPlatform			Partition: 3
145240.002 - 1101	MoonPlatform			Partition: 4
145240.007 - 1102	MoonPlatform			Partition: 5
145240.011 - 1103	MoonPlatform			Partition: 0
145240.015 - 1104	MoonPlatform			Partition: 1
145240.019 - 1105	MoonPlatform			Partition: 2
145240.024 - 1106	MoonPlatform			Partition: 3
145240.028 - 1107	MoonPlatform			Partition: 4
145240.032 - 1108	MoonPlatform			Partition: 5
145240.035 - 1109	MoonPlatform			Partition: 0
145240.037 - 5000	NPCJail			Partition: 1
145240.041 - 6000	PKerJail			Partition: 2
145240.044 - 6001	Jail			Partition: 3
145240.060 - 6010	AFKerJail			Partition: 4
145240.065 - 1201	GlobeQuest1			Partition: 5
145240.070 - 1202	GlobeQuest2			Partition: 0
145240.076 - 1204	GlobeQuest4			Partition: 1
145240.086 - 1205	GlobeQuest5			Partition: 2
145240.093 - 1207	GlobeQuest7			Partition: 3
145240.133 - 1208	GlobeQuest8			Partition: 4
145240.141 - 1210	GlobeQuest10			Partition: 5
145240.148 - 1211	GlobeQuest11			Partition: 0
145240.206 - 1212	GlobeIsland			Partition: 1
145240.218 - 1213	GlobeDesert			Partition: 2
145240.227 - 1214	GlobeCanyon			Partition: 3
145240.240 - 1215	GlobeForest			Partition: 4
145240.246 - 1216	GlobePlain			Partition: 5
145240.251 - 1217	JointCanyon			Partition: 0
145240.256 - 1218	CopperMine			Partition: 1
145240.311 - 1219	GlobeExit			Partition: 2
145240.314 - 2000	IronMine2			Partition: 3
145240.316 - 2001	IronMine2F			Partition: 4
145240.327 - 1300	DemonCave			Partition: 5
145240.329 - 2002	IronMine3F			Partition: 0
145240.332 - 2003	IronMine3F			Partition: 1
145240.335 - 2004	IronMine3F			Partition: 2
145240.337 - 2005	IronMine3F			Partition: 3
145240.340 - 2006	IronMine4F			Partition: 4
145240.343 - 2007	IronMine4F			Partition: 5
145240.346 - 2008	IronMine4F			Partition: 0
145240.349 - 2009	IronMine4F			Partition: 1
145240.351 - 2010	IronMine4F			Partition: 2
145240.354 - 2011	IronMine4F			Partition: 3
145240.357 - 2012	IronMine4F			Partition: 4
145240.360 - 2013	IronMine4F			Partition: 5
145240.362 - 2020	CopperMine2F			Partition: 0
145240.365 - 2021	CopperMine2F			Partition: 1
145240.367 - 2022	CopperMine3F			Partition: 2
145240.370 - 2023	CopperMine3F			Partition: 3
145240.373 - 2024	CopperMine3F			Partition: 4
145240.376 - 2025	CopperMine3F			Partition: 5
145240.379 - 2026	CopperMine4F			Partition: 0
145240.381 - 2027	CopperMine4F			Partition: 1
145240.384 - 2028	CopperMine4F			Partition: 2
145240.386 - 2029	CopperMine4F			Partition: 3
145240.390 - 2030	CopperMine4F			Partition: 4
145240.393 - 2031	CopperMine4F			Partition: 5
145240.395 - 2032	CopperMine4F			Partition: 0
145240.398 - 2033	CopperMine4F			Partition: 1
145240.400 - 2040	SilverMine2F			Partition: 2
145240.403 - 2041	SilverMine2F			Partition: 3
145240.406 - 2042	SilverMine3F			Partition: 4
145240.412 - 2043	SilverMine3F			Partition: 5
145240.414 - 2044	SilverMine3F			Partition: 0
145240.417 - 2045	SilverMine3F			Partition: 1
145240.419 - 2046	SilverMine4F			Partition: 2
145240.422 - 2047	SilverMine4F			Partition: 3
145240.424 - 2048	SilverMine4F			Partition: 4
145240.426 - 2049	SilverMine4F			Partition: 5
145240.429 - 2050	SilverMine4F			Partition: 0
145240.431 - 2051	SilverMine4F			Partition: 1
145240.433 - 2052	SilverMine4F			Partition: 2
145240.436 - 2053	SilverMine4F			Partition: 3
145240.439 - 6002	MacroJail			Partition: 4
145240.442 - 1351	Labyrinth			Partition: 5
145240.445 - 1352	Labyrinth			Partition: 0
145240.447 - 1353	Labyrinth			Partition: 1
145240.463 - 1354	Labyrinth			Partition: 2
145240.465 - 1095	Arena2			Partition: 3
145240.469 - 1094	Arena1			Partition: 4
145240.471 - 1093	Arena2			Partition: 5
145240.475 - 1092	Arena1			Partition: 0
145240.477 - 1091	Arena2			Partition: 1
145240.481 - 1090	Arena1			Partition: 2
145240.484 - 1505	CityArena1			Partition: 3
145240.486 - 1515	CityArena1			Partition: 4
145240.489 - 1525	CityArena1			Partition: 5
145240.492 - 1506	CityArena2			Partition: 0
145240.494 - 1516	CityArena2			Partition: 1
145240.497 - 1526	CityArena2			Partition: 2
145240.500 - 1511	FurnitureStore			Partition: 3
145240.503 - 1528	CityArena4			Partition: 4
145240.506 - 1518	CityArena4			Partition: 5
145240.508 - 1508	CityArena4			Partition: 0
145240.512 - 1451	MeteorArena			Partition: 1
145240.515 - 4025	BattleFormation			Partition: 2
145240.518 - 4024	RightCloister			Partition: 3
145240.542 - 4023	LeftCloister			Partition: 4
145240.545 - 4022	HellHall			Partition: 5
145240.558 - 4021	HellGate			Partition: 0
145240.562 - 5002	Trap			Partition: 1
145240.565 - 1551	HalloweenCity1			Partition: 2
145240.567 - 1550	HalloweenCity1			Partition: 3
145240.570 - 700	LotteryMap			Partition: 4
145240.581 - 1700	EvilAbyss			Partition: 5
145240.583 - 1500	ClassPKArena1			Partition: 0
145240.586 - 1501	ClassPKArena2			Partition: 1
145240.590 - 1502	ClassPKArena3			Partition: 2
145240.593 - 1837	ClassPKArena4			Partition: 3
145240.595 - 1838	ClassPKArena5			Partition: 4
145240.597 - 1839	ClassPKArena6			Partition: 5
145240.600 - 1928	ClassPKArena10			Partition: 0
145240.602 - 1946	ClassPKArena7			Partition: 1
145240.606 - 1947	ClassPKArena8			Partition: 2
145240.610 - 1948	ClassPKArena9			Partition: 3
145240.612 - 3000	ClassPKArena10			Partition: 4
145240.615 - 3001	ClassPKArena11			Partition: 5
145240.617 - 3002	ClassPKArena12			Partition: 0
145240.620 - 3003	ClassPKArena13			Partition: 1
145240.624 - 3004	ClassPKArena14			Partition: 2
145240.626 - 3005	ClassPKArena15			Partition: 3
145240.629 - 3006	ClassPKArena16			Partition: 4
145240.631 - 3007	ClassPKArena17			Partition: 5
145240.634 - 3008	ClassPKArena18			Partition: 0
145240.637 - 3009	ClassPKArena19			Partition: 1
145240.641 - 3010	ClassPKArena20			Partition: 2
145240.644 - 3011	ClassPKArena21			Partition: 3
145240.646 - 3012	ClassPKArena22			Partition: 4
145240.649 - 3013	ClassPKArena23			Partition: 5
145240.651 - 3014	ClassPKArena24			Partition: 0
145240.654 - 3015	ClassPKArena25			Partition: 1
145240.657 - 3016	ClassPKWarArena26			Partition: 2
145240.660 - 3017	ClassPKWarArena27			Partition: 3
145240.662 - 3018	ClassPKWarArena28			Partition: 4
145240.665 - 3019	ClassPKWarArena29			Partition: 5
145240.681 - 3862	ClassPKArena34			Partition: 0
145240.685 - 3863	ClassPKArena35			Partition: 1
145240.688 - 3864	ClassPKArena36			Partition: 2
145240.691 - 3865	ClassPKArena37			Partition: 3
145240.694 - 9903	ClassPKArena30			Partition: 4
145240.696 - 9904	ClassPKArena31			Partition: 5
145240.699 - 9905	ClassPKArena32			Partition: 0
145240.701 - 9906	ClassPKArena33			Partition: 1
145240.704 - 10392	ClassPKArena42			Partition: 2
145240.707 - 10393	ClassPKArena43			Partition: 3
145240.710 - 10394	ClassPKArena44			Partition: 4
145240.712 - 10395	ClassPKArena45			Partition: 5
145240.716 - 1762	FrozenGrotto1			Partition: 0
145240.718 - 1927	FrozenGrotto2			Partition: 1
145240.725 - 601	OfflineTG			Partition: 2
145240.728 - 1072	CityArena4			Partition: 3
145240.730 - 2080	LineSkillPKTournamentMap			Partition: 4
145240.733 - 1806	OrchidGarden			Partition: 5
145240.736 - 1782	TreasureHouse			Partition: 0
145240.742 - 1783	TreasureHouse1			Partition: 1
145240.745 - 1784	Hut			Partition: 2
145240.748 - 1785	Dungeon1F			Partition: 3
145240.750 - 1786	Dungeon2F			Partition: 4
145240.753 - 1787	Dungeon3F			Partition: 5
145240.757 - 1794	ViperCave			Partition: 0
145240.766 - 1792	SwanLake			Partition: 1
145240.769 - 1791	RoseGarden			Partition: 2
145240.771 - 900000	PlayersArena			Partition: 3
145240.776 - 1863	TwinCityArena			Partition: 4
145240.778 - 1864	WindPlainArena			Partition: 5
145240.780 - 1868	PhoenixCastleArena			Partition: 0
145240.782 - 1869	MapleForestArena			Partition: 1
145240.784 - 1873	ApeCityArena			Partition: 2
145240.787 - 1874	LoveCanyonArena			Partition: 3
145240.790 - 1878	BirdIslandArena			Partition: 4
145240.792 - 1879	BirdIslandArena			Partition: 5
145240.795 - 1883	DesertCityArena			Partition: 0
145240.797 - 1884	DesertArena			Partition: 1
145240.800 - 2075	CastleWar			Partition: 2
145329.510 - 1000	Desert			Partition: 0
145329.522 - 1001	MysticCastle			Partition: 1
145329.541 - 1002	CentralPlain			Partition: 2
145329.547 - 1003	MineCave			Partition: 3
145329.551 - 1004	JobCenter			Partition: 4
145329.557 - 1005	Arena			Partition: 5
145329.563 - 1006	Stable			Partition: 0
145329.568 - 1007	Blachsmith			Partition: 1
145329.573 - 1008	Grocery			Partition: 2
145329.582 - 1009	ArmorStore			Partition: 3
145329.585 - 1010	BirthVillage			Partition: 4
145329.595 - 1011	Forest			Partition: 5
145329.600 - 1012	Dreamland			Partition: 0
145329.605 - 1013	TigerCave			Partition: 1
145329.611 - 1014	DragonPool			Partition: 2
145329.659 - 1015	Island			Partition: 3
145329.663 - 1016	KylinCave			Partition: 4
145329.671 - 1018	Arena			Partition: 5
145329.682 - 1020	Canyon			Partition: 0
145329.686 - 1021	CopperMine			Partition: 1
145329.691 - 1028	IronMine			Partition: 2
145329.695 - 1027	SilverMine			Partition: 3
145329.699 - 1026	CopperMine			Partition: 4
145329.703 - 1025	IronMine			Partition: 5
145329.706 - 1036	Market			Partition: 0
145329.710 - 1038	GuildArea			Partition: 1
145329.726 - 1039	TrainingGround			Partition: 2
145329.746 - 1063	AdventureIsland			Partition: 3
145329.757 - 1062	Maze3			Partition: 4
145329.761 - 1042	PassPortal			Partition: 5
145329.763 - 1043	Peace			Partition: 0
145329.766 - 1044	Chaos			Partition: 1
145329.768 - 1045	Deserted			Partition: 2
145329.772 - 1046	Prosperous			Partition: 3
145329.775 - 1047	Disturbed			Partition: 4
145329.778 - 1048	Calmed			Partition: 5
145329.780 - 1049	Death			Partition: 0
145329.783 - 1050	Life			Partition: 1
145329.792 - 1051	MysticIsland			Partition: 2
145329.805 - 1052	TestIsland			Partition: 3
145329.814 - 1061	Maze2			Partition: 4
145329.824 - 1060	Maze1			Partition: 5
145329.831 - 1041	PrizeClaimingMa			Partition: 0
145329.834 - 1040	SkyCityPass			Partition: 1
145329.838 - 1070	SnakeDen			Partition: 2
145329.849 - 1075	NewCanyon			Partition: 3
145329.855 - 1076	NewForest			Partition: 4
145329.860 - 1077	NewDesert			Partition: 5
145329.910 - 1078	NewIsland			Partition: 0
145329.916 - 1080	Arena2			Partition: 1
145329.921 - 1081	Arena3			Partition: 2
145329.925 - 1100	MoonPlatform			Partition: 3
145329.929 - 1101	MoonPlatform			Partition: 4
145329.932 - 1102	MoonPlatform			Partition: 5
145329.936 - 1103	MoonPlatform			Partition: 0
145329.940 - 1104	MoonPlatform			Partition: 1
145329.944 - 1105	MoonPlatform			Partition: 2
145329.948 - 1106	MoonPlatform			Partition: 3
145329.952 - 1107	MoonPlatform			Partition: 4
145329.956 - 1108	MoonPlatform			Partition: 5
145329.960 - 1109	MoonPlatform			Partition: 0
145329.962 - 5000	NPCJail			Partition: 1
145329.964 - 6000	PKerJail			Partition: 2
145329.967 - 6001	Jail			Partition: 3
145329.969 - 6010	AFKerJail			Partition: 4
145329.984 - 1201	GlobeQuest1			Partition: 5
145329.989 - 1202	GlobeQuest2			Partition: 0
145329.995 - 1204	GlobeQuest4			Partition: 1
145330.006 - 1205	GlobeQuest5			Partition: 2
145330.012 - 1207	GlobeQuest7			Partition: 3
145330.039 - 1208	GlobeQuest8			Partition: 4
145330.045 - 1210	GlobeQuest10			Partition: 5
145330.051 - 1211	GlobeQuest11			Partition: 0
145330.103 - 1212	GlobeIsland			Partition: 1
145330.116 - 1213	GlobeDesert			Partition: 2
145330.125 - 1214	GlobeCanyon			Partition: 3
145330.139 - 1215	GlobeForest			Partition: 4
145330.145 - 1216	GlobePlain			Partition: 5
145330.149 - 1217	JointCanyon			Partition: 0
145330.152 - 1218	CopperMine			Partition: 1
145330.204 - 1219	GlobeExit			Partition: 2
145330.207 - 2000	IronMine2			Partition: 3
145330.210 - 2001	IronMine2F			Partition: 4
145330.214 - 1300	DemonCave			Partition: 5
145330.217 - 2002	IronMine3F			Partition: 0
145330.225 - 2003	IronMine3F			Partition: 1
145330.228 - 2004	IronMine3F			Partition: 2
145330.231 - 2005	IronMine3F			Partition: 3
145330.233 - 2006	IronMine4F			Partition: 4
145330.236 - 2007	IronMine4F			Partition: 5
145330.239 - 2008	IronMine4F			Partition: 0
145330.242 - 2009	IronMine4F			Partition: 1
145330.245 - 2010	IronMine4F			Partition: 2
145330.247 - 2011	IronMine4F			Partition: 3
145330.250 - 2012	IronMine4F			Partition: 4
145330.253 - 2013	IronMine4F			Partition: 5
145330.256 - 2020	CopperMine2F			Partition: 0
145330.259 - 2021	CopperMine2F			Partition: 1
145330.261 - 2022	CopperMine3F			Partition: 2
145330.264 - 2023	CopperMine3F			Partition: 3
145330.266 - 2024	CopperMine3F			Partition: 4
145330.268 - 2025	CopperMine3F			Partition: 5
145330.271 - 2026	CopperMine4F			Partition: 0
145330.274 - 2027	CopperMine4F			Partition: 1
145330.276 - 2028	CopperMine4F			Partition: 2
145330.279 - 2029	CopperMine4F			Partition: 3
145330.282 - 2030	CopperMine4F			Partition: 4
145330.285 - 2031	CopperMine4F			Partition: 5
145330.288 - 2032	CopperMine4F			Partition: 0
145330.291 - 2033	CopperMine4F			Partition: 1
145330.294 - 2040	SilverMine2F			Partition: 2
145330.296 - 2041	SilverMine2F			Partition: 3
145330.299 - 2042	SilverMine3F			Partition: 4
145330.301 - 2043	SilverMine3F			Partition: 5
145330.305 - 2044	SilverMine3F			Partition: 0
145330.308 - 2045	SilverMine3F			Partition: 1
145330.314 - 2046	SilverMine4F			Partition: 2
145330.317 - 2047	SilverMine4F			Partition: 3
145330.320 - 2048	SilverMine4F			Partition: 4
145330.323 - 2049	SilverMine4F			Partition: 5
145330.325 - 2050	SilverMine4F			Partition: 0
145330.328 - 2051	SilverMine4F			Partition: 1
145330.330 - 2052	SilverMine4F			Partition: 2
145330.332 - 2053	SilverMine4F			Partition: 3
145330.335 - 6002	MacroJail			Partition: 4
145330.338 - 1351	Labyrinth			Partition: 5
145330.341 - 1352	Labyrinth			Partition: 0
145330.344 - 1353	Labyrinth			Partition: 1
145330.360 - 1354	Labyrinth			Partition: 2
145330.363 - 1095	Arena2			Partition: 3
145330.366 - 1094	Arena1			Partition: 4
145330.368 - 1093	Arena2			Partition: 5
145330.372 - 1092	Arena1			Partition: 0
145330.375 - 1091	Arena2			Partition: 1
145330.379 - 1090	Arena1			Partition: 2
145330.381 - 1505	CityArena1			Partition: 3
145330.384 - 1515	CityArena1			Partition: 4
145330.386 - 1525	CityArena1			Partition: 5
145330.389 - 1506	CityArena2			Partition: 0
145330.391 - 1516	CityArena2			Partition: 1
145330.394 - 1526	CityArena2			Partition: 2
145330.397 - 1511	FurnitureStore			Partition: 3
145330.399 - 1528	CityArena4			Partition: 4
145330.401 - 1518	CityArena4			Partition: 5
145330.405 - 1508	CityArena4			Partition: 0
145330.410 - 1451	MeteorArena			Partition: 1
145330.412 - 4025	BattleFormation			Partition: 2
145330.415 - 4024	RightCloister			Partition: 3
145330.424 - 4023	LeftCloister			Partition: 4
145330.428 - 4022	HellHall			Partition: 5
145330.437 - 4021	HellGate			Partition: 0
145330.470 - 5002	Trap			Partition: 1
145330.473 - 1551	HalloweenCity1			Partition: 2
145330.476 - 1550	HalloweenCity1			Partition: 3
145330.478 - 700	LotteryMap			Partition: 4
145330.489 - 1700	EvilAbyss			Partition: 5
145330.492 - 1500	ClassPKArena1			Partition: 0
145330.494 - 1501	ClassPKArena2			Partition: 1
145330.496 - 1502	ClassPKArena3			Partition: 2
145330.499 - 1837	ClassPKArena4			Partition: 3
145330.501 - 1838	ClassPKArena5			Partition: 4
145330.503 - 1839	ClassPKArena6			Partition: 5
145330.506 - 1928	ClassPKArena10			Partition: 0
145330.508 - 1946	ClassPKArena7			Partition: 1
145330.510 - 1947	ClassPKArena8			Partition: 2
145330.513 - 1948	ClassPKArena9			Partition: 3
145330.515 - 3000	ClassPKArena10			Partition: 4
145330.518 - 3001	ClassPKArena11			Partition: 5
145330.521 - 3002	ClassPKArena12			Partition: 0
145330.524 - 3003	ClassPKArena13			Partition: 1
145330.526 - 3004	ClassPKArena14			Partition: 2
145330.529 - 3005	ClassPKArena15			Partition: 3
145330.532 - 3006	ClassPKArena16			Partition: 4
145330.534 - 3007	ClassPKArena17			Partition: 5
145330.536 - 3008	ClassPKArena18			Partition: 0
145330.539 - 3009	ClassPKArena19			Partition: 1
145330.542 - 3010	ClassPKArena20			Partition: 2
145330.544 - 3011	ClassPKArena21			Partition: 3
145330.546 - 3012	ClassPKArena22			Partition: 4
145330.548 - 3013	ClassPKArena23			Partition: 5
145330.551 - 3014	ClassPKArena24			Partition: 0
145330.553 - 3015	ClassPKArena25			Partition: 1
145330.556 - 3016	ClassPKWarArena26			Partition: 2
145330.559 - 3017	ClassPKWarArena27			Partition: 3
145330.561 - 3018	ClassPKWarArena28			Partition: 4
145330.564 - 3019	ClassPKWarArena29			Partition: 5
145330.566 - 3862	ClassPKArena34			Partition: 0
145330.568 - 3863	ClassPKArena35			Partition: 1
145330.571 - 3864	ClassPKArena36			Partition: 2
145330.574 - 3865	ClassPKArena37			Partition: 3
145330.577 - 9903	ClassPKArena30			Partition: 4
145330.593 - 9904	ClassPKArena31			Partition: 5
145330.595 - 9905	ClassPKArena32			Partition: 0
145330.598 - 9906	ClassPKArena33			Partition: 1
145330.601 - 10392	ClassPKArena42			Partition: 2
145330.603 - 10393	ClassPKArena43			Partition: 3
145330.606 - 10394	ClassPKArena44			Partition: 4
145330.609 - 10395	ClassPKArena45			Partition: 5
145330.612 - 1762	FrozenGrotto1			Partition: 0
145330.615 - 1927	FrozenGrotto2			Partition: 1
145330.624 - 601	OfflineTG			Partition: 2
145330.627 - 1072	CityArena4			Partition: 3
145330.629 - 2080	LineSkillPKTournamentMap			Partition: 4
145330.631 - 1806	OrchidGarden			Partition: 5
145330.635 - 1782	TreasureHouse			Partition: 0
145330.639 - 1783	TreasureHouse1			Partition: 1
145330.643 - 1784	Hut			Partition: 2
145330.645 - 1785	Dungeon1F			Partition: 3
145330.647 - 1786	Dungeon2F			Partition: 4
145330.650 - 1787	Dungeon3F			Partition: 5
145330.653 - 1794	ViperCave			Partition: 0
145330.659 - 1792	SwanLake			Partition: 1
145330.661 - 1791	RoseGarden			Partition: 2
145330.664 - 900000	PlayersArena			Partition: 3
145330.666 - 1863	TwinCityArena			Partition: 4
145330.668 - 1864	WindPlainArena			Partition: 5
145330.675 - 1868	PhoenixCastleArena			Partition: 0
145330.678 - 1869	MapleForestArena			Partition: 1
145330.680 - 1873	ApeCityArena			Partition: 2
145330.682 - 1874	LoveCanyonArena			Partition: 3
145330.685 - 1878	BirdIslandArena			Partition: 4
145330.687 - 1879	BirdIslandArena			Partition: 5
145330.690 - 1883	DesertCityArena			Partition: 0
145330.692 - 1884	DesertArena			Partition: 1
145330.695 - 2075	CastleWar			Partition: 2
145416.347 - 1000	Desert			Partition: 0
145416.355 - 1001	MysticCastle			Partition: 1
145416.378 - 1002	CentralPlain			Partition: 2
145416.384 - 1003	MineCave			Partition: 3
145416.390 - 1004	JobCenter			Partition: 4
145416.394 - 1005	Arena			Partition: 5
145416.399 - 1006	Stable			Partition: 0
145416.405 - 1007	Blachsmith			Partition: 1
145416.409 - 1008	Grocery			Partition: 2
145416.418 - 1009	ArmorStore			Partition: 3
145416.423 - 1010	BirthVillage			Partition: 4
145416.432 - 1011	Forest			Partition: 5
145416.438 - 1012	Dreamland			Partition: 0
145416.444 - 1013	TigerCave			Partition: 1
145416.449 - 1014	DragonPool			Partition: 2
145416.508 - 1015	Island			Partition: 3
145416.512 - 1016	KylinCave			Partition: 4
145416.518 - 1018	Arena			Partition: 5
145416.528 - 1020	Canyon			Partition: 0
145416.532 - 1021	CopperMine			Partition: 1
145416.537 - 1028	IronMine			Partition: 2
145416.541 - 1027	SilverMine			Partition: 3
145416.546 - 1026	CopperMine			Partition: 4
145416.550 - 1025	IronMine			Partition: 5
145416.552 - 1036	Market			Partition: 0
145416.556 - 1038	GuildArea			Partition: 1
145416.569 - 1039	TrainingGround			Partition: 2
145416.577 - 1063	AdventureIsland			Partition: 3
145416.588 - 1062	Maze3			Partition: 4
145416.592 - 1042	PassPortal			Partition: 5
145416.594 - 1043	Peace			Partition: 0
145416.597 - 1044	Chaos			Partition: 1
145416.599 - 1045	Deserted			Partition: 2
145416.602 - 1046	Prosperous			Partition: 3
145416.605 - 1047	Disturbed			Partition: 4
145416.608 - 1048	Calmed			Partition: 5
145416.611 - 1049	Death			Partition: 0
145416.614 - 1050	Life			Partition: 1
145416.624 - 1051	MysticIsland			Partition: 2
145416.635 - 1052	TestIsland			Partition: 3
145416.646 - 1061	Maze2			Partition: 4
145416.657 - 1060	Maze1			Partition: 5
145416.665 - 1041	PrizeClaimingMa			Partition: 0
145416.668 - 1040	SkyCityPass			Partition: 1
145416.674 - 1070	SnakeDen			Partition: 2
145416.685 - 1075	NewCanyon			Partition: 3
145416.692 - 1076	NewForest			Partition: 4
145416.697 - 1077	NewDesert			Partition: 5
145416.751 - 1078	NewIsland			Partition: 0
145416.755 - 1080	Arena2			Partition: 1
145416.759 - 1081	Arena3			Partition: 2
145416.762 - 1100	MoonPlatform			Partition: 3
145416.766 - 1101	MoonPlatform			Partition: 4
145416.769 - 1102	MoonPlatform			Partition: 5
145416.773 - 1103	MoonPlatform			Partition: 0
145416.777 - 1104	MoonPlatform			Partition: 1
145416.780 - 1105	MoonPlatform			Partition: 2
145416.784 - 1106	MoonPlatform			Partition: 3
145416.787 - 1107	MoonPlatform			Partition: 4
145416.791 - 1108	MoonPlatform			Partition: 5
145416.794 - 1109	MoonPlatform			Partition: 0
145416.797 - 5000	NPCJail			Partition: 1
145416.799 - 6000	PKerJail			Partition: 2
145416.802 - 6001	Jail			Partition: 3
145416.804 - 6010	AFKerJail			Partition: 4
145416.818 - 1201	GlobeQuest1			Partition: 5
145416.825 - 1202	GlobeQuest2			Partition: 0
145416.832 - 1204	GlobeQuest4			Partition: 1
145416.843 - 1205	GlobeQuest5			Partition: 2
145416.849 - 1207	GlobeQuest7			Partition: 3
145416.871 - 1208	GlobeQuest8			Partition: 4
145416.887 - 1210	GlobeQuest10			Partition: 5
145416.894 - 1211	GlobeQuest11			Partition: 0
145416.950 - 1212	GlobeIsland			Partition: 1
145416.961 - 1213	GlobeDesert			Partition: 2
145416.968 - 1214	GlobeCanyon			Partition: 3
145416.982 - 1215	GlobeForest			Partition: 4
145416.988 - 1216	GlobePlain			Partition: 5
145416.993 - 1217	JointCanyon			Partition: 0
145416.996 - 1218	CopperMine			Partition: 1
145417.047 - 1219	GlobeExit			Partition: 2
145417.050 - 2000	IronMine2			Partition: 3
145417.052 - 2001	IronMine2F			Partition: 4
145417.058 - 1300	DemonCave			Partition: 5
145417.060 - 2002	IronMine3F			Partition: 0
145417.068 - 2003	IronMine3F			Partition: 1
145417.072 - 2004	IronMine3F			Partition: 2
145417.074 - 2005	IronMine3F			Partition: 3
145417.077 - 2006	IronMine4F			Partition: 4
145417.079 - 2007	IronMine4F			Partition: 5
145417.082 - 2008	IronMine4F			Partition: 0
145417.084 - 2009	IronMine4F			Partition: 1
145417.087 - 2010	IronMine4F			Partition: 2
145417.090 - 2011	IronMine4F			Partition: 3
145417.093 - 2012	IronMine4F			Partition: 4
145417.095 - 2013	IronMine4F			Partition: 5
145417.098 - 2020	CopperMine2F			Partition: 0
145417.101 - 2021	CopperMine2F			Partition: 1
145417.104 - 2022	CopperMine3F			Partition: 2
145417.107 - 2023	CopperMine3F			Partition: 3
145417.109 - 2024	CopperMine3F			Partition: 4
145417.112 - 2025	CopperMine3F			Partition: 5
145417.115 - 2026	CopperMine4F			Partition: 0
145417.117 - 2027	CopperMine4F			Partition: 1
145417.120 - 2028	CopperMine4F			Partition: 2
145417.123 - 2029	CopperMine4F			Partition: 3
145417.126 - 2030	CopperMine4F			Partition: 4
145417.128 - 2031	CopperMine4F			Partition: 5
145417.132 - 2032	CopperMine4F			Partition: 0
145417.135 - 2033	CopperMine4F			Partition: 1
145417.138 - 2040	SilverMine2F			Partition: 2
145417.141 - 2041	SilverMine2F			Partition: 3
145417.144 - 2042	SilverMine3F			Partition: 4
145417.147 - 2043	SilverMine3F			Partition: 5
145417.150 - 2044	SilverMine3F			Partition: 0
145417.153 - 2045	SilverMine3F			Partition: 1
145417.160 - 2046	SilverMine4F			Partition: 2
145417.163 - 2047	SilverMine4F			Partition: 3
145417.165 - 2048	SilverMine4F			Partition: 4
145417.168 - 2049	SilverMine4F			Partition: 5
145417.171 - 2050	SilverMine4F			Partition: 0
145417.173 - 2051	SilverMine4F			Partition: 1
145417.176 - 2052	SilverMine4F			Partition: 2
145417.178 - 2053	SilverMine4F			Partition: 3
145417.181 - 6002	MacroJail			Partition: 4
145417.183 - 1351	Labyrinth			Partition: 5
145417.187 - 1352	Labyrinth			Partition: 0
145417.190 - 1353	Labyrinth			Partition: 1
145417.206 - 1354	Labyrinth			Partition: 2
145417.209 - 1095	Arena2			Partition: 3
145417.212 - 1094	Arena1			Partition: 4
145417.215 - 1093	Arena2			Partition: 5
145417.218 - 1092	Arena1			Partition: 0
145417.222 - 1091	Arena2			Partition: 1
145417.226 - 1090	Arena1			Partition: 2
145417.228 - 1505	CityArena1			Partition: 3
145417.231 - 1515	CityArena1			Partition: 4
145417.233 - 1525	CityArena1			Partition: 5
145417.235 - 1506	CityArena2			Partition: 0
145417.239 - 1516	CityArena2			Partition: 1
145417.242 - 1526	CityArena2			Partition: 2
145417.245 - 1511	FurnitureStore			Partition: 3
145417.247 - 1528	CityArena4			Partition: 4
145417.250 - 1518	CityArena4			Partition: 5
145417.252 - 1508	CityArena4			Partition: 0
145417.256 - 1451	MeteorArena			Partition: 1
145417.259 - 4025	BattleFormation			Partition: 2
145417.262 - 4024	RightCloister			Partition: 3
145417.272 - 4023	LeftCloister			Partition: 4
145417.275 - 4022	HellHall			Partition: 5
145417.296 - 4021	HellGate			Partition: 0
145417.313 - 5002	Trap			Partition: 1
145417.316 - 1551	HalloweenCity1			Partition: 2
145417.319 - 1550	HalloweenCity1			Partition: 3
145417.322 - 700	LotteryMap			Partition: 4
145417.333 - 1700	EvilAbyss			Partition: 5
145417.335 - 1500	ClassPKArena1			Partition: 0
145417.339 - 1501	ClassPKArena2			Partition: 1
145417.341 - 1502	ClassPKArena3			Partition: 2
145417.344 - 1837	ClassPKArena4			Partition: 3
145417.346 - 1838	ClassPKArena5			Partition: 4
145417.348 - 1839	ClassPKArena6			Partition: 5
145417.351 - 1928	ClassPKArena10			Partition: 0
145417.354 - 1946	ClassPKArena7			Partition: 1
145417.357 - 1947	ClassPKArena8			Partition: 2
145417.359 - 1948	ClassPKArena9			Partition: 3
145417.361 - 3000	ClassPKArena10			Partition: 4
145417.364 - 3001	ClassPKArena11			Partition: 5
145417.366 - 3002	ClassPKArena12			Partition: 0
145417.368 - 3003	ClassPKArena13			Partition: 1
145417.372 - 3004	ClassPKArena14			Partition: 2
145417.375 - 3005	ClassPKArena15			Partition: 3
145417.377 - 3006	ClassPKArena16			Partition: 4
145417.380 - 3007	ClassPKArena17			Partition: 5
145417.382 - 3008	ClassPKArena18			Partition: 0
145417.384 - 3009	ClassPKArena19			Partition: 1
145417.387 - 3010	ClassPKArena20			Partition: 2
145417.389 - 3011	ClassPKArena21			Partition: 3
145417.392 - 3012	ClassPKArena22			Partition: 4
145417.394 - 3013	ClassPKArena23			Partition: 5
145417.396 - 3014	ClassPKArena24			Partition: 0
145417.399 - 3015	ClassPKArena25			Partition: 1
145417.401 - 3016	ClassPKWarArena26			Partition: 2
145417.404 - 3017	ClassPKWarArena27			Partition: 3
145417.408 - 3018	ClassPKWarArena28			Partition: 4
145417.410 - 3019	ClassPKWarArena29			Partition: 5
145417.412 - 3862	ClassPKArena34			Partition: 0
145417.415 - 3863	ClassPKArena35			Partition: 1
145417.418 - 3864	ClassPKArena36			Partition: 2
145417.421 - 3865	ClassPKArena37			Partition: 3
145417.437 - 9903	ClassPKArena30			Partition: 4
145417.440 - 9904	ClassPKArena31			Partition: 5
145417.442 - 9905	ClassPKArena32			Partition: 0
145417.445 - 9906	ClassPKArena33			Partition: 1
145417.447 - 10392	ClassPKArena42			Partition: 2
145417.450 - 10393	ClassPKArena43			Partition: 3
145417.454 - 10394	ClassPKArena44			Partition: 4
145417.457 - 10395	ClassPKArena45			Partition: 5
145417.461 - 1762	FrozenGrotto1			Partition: 0
145417.464 - 1927	FrozenGrotto2			Partition: 1
145417.473 - 601	OfflineTG			Partition: 2
145417.476 - 1072	CityArena4			Partition: 3
145417.478 - 2080	LineSkillPKTournamentMap			Partition: 4
145417.481 - 1806	OrchidGarden			Partition: 5
145417.484 - 1782	TreasureHouse			Partition: 0
145417.489 - 1783	TreasureHouse1			Partition: 1
145417.492 - 1784	Hut			Partition: 2
145417.494 - 1785	Dungeon1F			Partition: 3
145417.497 - 1786	Dungeon2F			Partition: 4
145417.499 - 1787	Dungeon3F			Partition: 5
145417.502 - 1794	ViperCave			Partition: 0
145417.509 - 1792	SwanLake			Partition: 1
145417.512 - 1791	RoseGarden			Partition: 2
145417.514 - 900000	PlayersArena			Partition: 3
145417.517 - 1863	TwinCityArena			Partition: 4
145417.526 - 1864	WindPlainArena			Partition: 5
145417.528 - 1868	PhoenixCastleArena			Partition: 0
145417.531 - 1869	MapleForestArena			Partition: 1
145417.533 - 1873	ApeCityArena			Partition: 2
145417.535 - 1874	LoveCanyonArena			Partition: 3
145417.538 - 1878	BirdIslandArena			Partition: 4
145417.541 - 1879	BirdIslandArena			Partition: 5
145417.543 - 1883	DesertCityArena			Partition: 0
145417.545 - 1884	DesertArena			Partition: 1
145417.548 - 2075	CastleWar			Partition: 2
145515.689 - 1000	Desert			Partition: 0
145515.703 - 1001	MysticCastle			Partition: 1
145515.723 - 1002	CentralPlain			Partition: 2
145515.729 - 1003	MineCave			Partition: 3
145515.733 - 1004	JobCenter			Partition: 4
145515.739 - 1005	Arena			Partition: 5
145515.744 - 1006	Stable			Partition: 0
145515.756 - 1007	Blachsmith			Partition: 1
145515.761 - 1008	Grocery			Partition: 2
145515.765 - 1009	ArmorStore			Partition: 3
145515.769 - 1010	BirthVillage			Partition: 4
145515.779 - 1011	Forest			Partition: 5
145515.784 - 1012	Dreamland			Partition: 0
145515.790 - 1013	TigerCave			Partition: 1
145515.796 - 1014	DragonPool			Partition: 2
145515.856 - 1015	Island			Partition: 3
145515.861 - 1016	KylinCave			Partition: 4
145515.867 - 1018	Arena			Partition: 5
145515.880 - 1020	Canyon			Partition: 0
145515.885 - 1021	CopperMine			Partition: 1
145515.891 - 1028	IronMine			Partition: 2
145515.896 - 1027	SilverMine			Partition: 3
145515.901 - 1026	CopperMine			Partition: 4
145515.907 - 1025	IronMine			Partition: 5
145515.910 - 1036	Market			Partition: 0
145515.928 - 1038	GuildArea			Partition: 1
145515.953 - 1039	TrainingGround			Partition: 2
145515.957 - 1063	AdventureIsland			Partition: 3
145515.968 - 1062	Maze3			Partition: 4
145515.973 - 1042	PassPortal			Partition: 5
145515.975 - 1043	Peace			Partition: 0
145515.980 - 1044	Chaos			Partition: 1
145515.983 - 1045	Deserted			Partition: 2
145515.987 - 1046	Prosperous			Partition: 3
145515.990 - 1047	Disturbed			Partition: 4
145515.994 - 1048	Calmed			Partition: 5
145515.998 - 1049	Death			Partition: 0
145516.001 - 1050	Life			Partition: 1
145516.014 - 1051	MysticIsland			Partition: 2
145516.030 - 1052	TestIsland			Partition: 3
145516.048 - 1061	Maze2			Partition: 4
145516.064 - 1060	Maze1			Partition: 5
145516.073 - 1041	PrizeClaimingMa			Partition: 0
145516.076 - 1040	SkyCityPass			Partition: 1
145516.080 - 1070	SnakeDen			Partition: 2
145516.092 - 1075	NewCanyon			Partition: 3
145516.097 - 1076	NewForest			Partition: 4
145516.103 - 1077	NewDesert			Partition: 5
145516.154 - 1078	NewIsland			Partition: 0
145516.159 - 1080	Arena2			Partition: 1
145516.164 - 1081	Arena3			Partition: 2
145516.169 - 1100	MoonPlatform			Partition: 3
145516.174 - 1101	MoonPlatform			Partition: 4
145516.180 - 1102	MoonPlatform			Partition: 5
145516.188 - 1103	MoonPlatform			Partition: 0
145516.193 - 1104	MoonPlatform			Partition: 1
145516.197 - 1105	MoonPlatform			Partition: 2
145516.201 - 1106	MoonPlatform			Partition: 3
145516.205 - 1107	MoonPlatform			Partition: 4
145516.209 - 1108	MoonPlatform			Partition: 5
145516.214 - 1109	MoonPlatform			Partition: 0
145516.216 - 5000	NPCJail			Partition: 1
145516.220 - 6000	PKerJail			Partition: 2
145516.223 - 6001	Jail			Partition: 3
145516.227 - 6010	AFKerJail			Partition: 4
145516.247 - 1201	GlobeQuest1			Partition: 5
145516.253 - 1202	GlobeQuest2			Partition: 0
145516.259 - 1204	GlobeQuest4			Partition: 1
145516.270 - 1205	GlobeQuest5			Partition: 2
145516.278 - 1207	GlobeQuest7			Partition: 3
145516.320 - 1208	GlobeQuest8			Partition: 4
145516.327 - 1210	GlobeQuest10			Partition: 5
145516.336 - 1211	GlobeQuest11			Partition: 0
145516.392 - 1212	GlobeIsland			Partition: 1
145516.405 - 1213	GlobeDesert			Partition: 2
145516.413 - 1214	GlobeCanyon			Partition: 3
145516.426 - 1215	GlobeForest			Partition: 4
145516.432 - 1216	GlobePlain			Partition: 5
145516.437 - 1217	JointCanyon			Partition: 0
145516.442 - 1218	CopperMine			Partition: 1
145516.498 - 1219	GlobeExit			Partition: 2
145516.501 - 2000	IronMine2			Partition: 3
145516.506 - 2001	IronMine2F			Partition: 4
145516.517 - 1300	DemonCave			Partition: 5
145516.522 - 2002	IronMine3F			Partition: 0
145516.525 - 2003	IronMine3F			Partition: 1
145516.528 - 2004	IronMine3F			Partition: 2
145516.531 - 2005	IronMine3F			Partition: 3
145516.533 - 2006	IronMine4F			Partition: 4
145516.537 - 2007	IronMine4F			Partition: 5
145516.540 - 2008	IronMine4F			Partition: 0
145516.543 - 2009	IronMine4F			Partition: 1
145516.546 - 2010	IronMine4F			Partition: 2
145516.549 - 2011	IronMine4F			Partition: 3
145516.553 - 2012	IronMine4F			Partition: 4
145516.557 - 2013	IronMine4F			Partition: 5
145516.559 - 2020	CopperMine2F			Partition: 0
145516.563 - 2021	CopperMine2F			Partition: 1
145516.565 - 2022	CopperMine3F			Partition: 2
145516.569 - 2023	CopperMine3F			Partition: 3
145516.573 - 2024	CopperMine3F			Partition: 4
145516.577 - 2025	CopperMine3F			Partition: 5
145516.581 - 2026	CopperMine4F			Partition: 0
145516.584 - 2027	CopperMine4F			Partition: 1
145516.588 - 2028	CopperMine4F			Partition: 2
145516.593 - 2029	CopperMine4F			Partition: 3
145516.597 - 2030	CopperMine4F			Partition: 4
145516.600 - 2031	CopperMine4F			Partition: 5
145516.605 - 2032	CopperMine4F			Partition: 0
145516.610 - 2033	CopperMine4F			Partition: 1
145516.614 - 2040	SilverMine2F			Partition: 2
145516.617 - 2041	SilverMine2F			Partition: 3
145516.623 - 2042	SilverMine3F			Partition: 4
145516.626 - 2043	SilverMine3F			Partition: 5
145516.634 - 2044	SilverMine3F			Partition: 0
145516.639 - 2045	SilverMine3F			Partition: 1
145516.643 - 2046	SilverMine4F			Partition: 2
145516.646 - 2047	SilverMine4F			Partition: 3
145516.649 - 2048	SilverMine4F			Partition: 4
145516.652 - 2049	SilverMine4F			Partition: 5
145516.655 - 2050	SilverMine4F			Partition: 0
145516.658 - 2051	SilverMine4F			Partition: 1
145516.660 - 2052	SilverMine4F			Partition: 2
145516.662 - 2053	SilverMine4F			Partition: 3
145516.665 - 6002	MacroJail			Partition: 4
145516.667 - 1351	Labyrinth			Partition: 5
145516.671 - 1352	Labyrinth			Partition: 0
145516.674 - 1353	Labyrinth			Partition: 1
145516.690 - 1354	Labyrinth			Partition: 2
145516.692 - 1095	Arena2			Partition: 3
145516.696 - 1094	Arena1			Partition: 4
145516.699 - 1093	Arena2			Partition: 5
145516.705 - 1092	Arena1			Partition: 0
145516.708 - 1091	Arena2			Partition: 1
145516.712 - 1090	Arena1			Partition: 2
145516.714 - 1505	CityArena1			Partition: 3
145516.717 - 1515	CityArena1			Partition: 4
145516.720 - 1525	CityArena1			Partition: 5
145516.723 - 1506	CityArena2			Partition: 0
145516.725 - 1516	CityArena2			Partition: 1
145516.728 - 1526	CityArena2			Partition: 2
145516.732 - 1511	FurnitureStore			Partition: 3
145516.734 - 1528	CityArena4			Partition: 4
145516.737 - 1518	CityArena4			Partition: 5
145516.739 - 1508	CityArena4			Partition: 0
145516.743 - 1451	MeteorArena			Partition: 1
145516.746 - 4025	BattleFormation			Partition: 2
145516.748 - 4024	RightCloister			Partition: 3
145516.757 - 4023	LeftCloister			Partition: 4
145516.777 - 4022	HellHall			Partition: 5
145516.794 - 4021	HellGate			Partition: 0
145516.798 - 5002	Trap			Partition: 1
145516.800 - 1551	HalloweenCity1			Partition: 2
145516.804 - 1550	HalloweenCity1			Partition: 3
145516.807 - 700	LotteryMap			Partition: 4
145516.817 - 1700	EvilAbyss			Partition: 5
145516.820 - 1500	ClassPKArena1			Partition: 0
145516.823 - 1501	ClassPKArena2			Partition: 1
145516.826 - 1502	ClassPKArena3			Partition: 2
145516.829 - 1837	ClassPKArena4			Partition: 3
145516.831 - 1838	ClassPKArena5			Partition: 4
145516.833 - 1839	ClassPKArena6			Partition: 5
145516.836 - 1928	ClassPKArena10			Partition: 0
145516.838 - 1946	ClassPKArena7			Partition: 1
145516.841 - 1947	ClassPKArena8			Partition: 2
145516.843 - 1948	ClassPKArena9			Partition: 3
145516.845 - 3000	ClassPKArena10			Partition: 4
145516.847 - 3001	ClassPKArena11			Partition: 5
145516.849 - 3002	ClassPKArena12			Partition: 0
145516.852 - 3003	ClassPKArena13			Partition: 1
145516.855 - 3004	ClassPKArena14			Partition: 2
145516.858 - 3005	ClassPKArena15			Partition: 3
145516.861 - 3006	ClassPKArena16			Partition: 4
145516.863 - 3007	ClassPKArena17			Partition: 5
145516.865 - 3008	ClassPKArena18			Partition: 0
145516.868 - 3009	ClassPKArena19			Partition: 1
145516.870 - 3010	ClassPKArena20			Partition: 2
145516.873 - 3011	ClassPKArena21			Partition: 3
145516.876 - 3012	ClassPKArena22			Partition: 4
145516.878 - 3013	ClassPKArena23			Partition: 5
145516.880 - 3014	ClassPKArena24			Partition: 0
145516.883 - 3015	ClassPKArena25			Partition: 1
145516.886 - 3016	ClassPKWarArena26			Partition: 2
145516.889 - 3017	ClassPKWarArena27			Partition: 3
145516.891 - 3018	ClassPKWarArena28			Partition: 4
145516.894 - 3019	ClassPKWarArena29			Partition: 5
145516.896 - 3862	ClassPKArena34			Partition: 0
145516.913 - 3863	ClassPKArena35			Partition: 1
145516.917 - 3864	ClassPKArena36			Partition: 2
145516.921 - 3865	ClassPKArena37			Partition: 3
145516.923 - 9903	ClassPKArena30			Partition: 4
145516.927 - 9904	ClassPKArena31			Partition: 5
145516.930 - 9905	ClassPKArena32			Partition: 0
145516.932 - 9906	ClassPKArena33			Partition: 1
145516.934 - 10392	ClassPKArena42			Partition: 2
145516.937 - 10393	ClassPKArena43			Partition: 3
145516.940 - 10394	ClassPKArena44			Partition: 4
145516.942 - 10395	ClassPKArena45			Partition: 5
145516.948 - 1762	FrozenGrotto1			Partition: 0
145516.950 - 1927	FrozenGrotto2			Partition: 1
145516.958 - 601	OfflineTG			Partition: 2
145516.960 - 1072	CityArena4			Partition: 3
145516.963 - 2080	LineSkillPKTournamentMap			Partition: 4
145516.965 - 1806	OrchidGarden			Partition: 5
145516.969 - 1782	TreasureHouse			Partition: 0
145516.974 - 1783	TreasureHouse1			Partition: 1
145516.976 - 1784	Hut			Partition: 2
145516.979 - 1785	Dungeon1F			Partition: 3
145516.981 - 1786	Dungeon2F			Partition: 4
145516.984 - 1787	Dungeon3F			Partition: 5
145516.989 - 1794	ViperCave			Partition: 0
145516.994 - 1792	SwanLake			Partition: 1
145517.000 - 1791	RoseGarden			Partition: 2
145517.004 - 900000	PlayersArena			Partition: 3
145517.007 - 1863	TwinCityArena			Partition: 4
145517.010 - 1864	WindPlainArena			Partition: 5
145517.012 - 1868	PhoenixCastleArena			Partition: 0
145517.014 - 1869	MapleForestArena			Partition: 1
145517.016 - 1873	ApeCityArena			Partition: 2
145517.020 - 1874	LoveCanyonArena			Partition: 3
145517.022 - 1878	BirdIslandArena			Partition: 4
145517.025 - 1879	BirdIslandArena			Partition: 5
145517.027 - 1883	DesertCityArena			Partition: 0
145517.029 - 1884	DesertArena			Partition: 1
145517.032 - 2075	CastleWar			Partition: 2
145831.266 - 1000	Desert			Partition: 0
145831.273 - 1001	MysticCastle			Partition: 0
145831.296 - 1002	CentralPlain			Partition: 0
145831.303 - 1003	MineCave			Partition: 0
145831.308 - 1004	JobCenter			Partition: 0
145831.313 - 1005	Arena			Partition: 0
145831.319 - 1006	Stable			Partition: 0
145831.324 - 1007	Blachsmith			Partition: 0
145831.328 - 1008	Grocery			Partition: 0
145831.333 - 1009	ArmorStore			Partition: 0
145831.342 - 1010	BirthVillage			Partition: 0
145831.352 - 1011	Forest			Partition: 0
145831.357 - 1012	Dreamland			Partition: 0
145831.362 - 1013	TigerCave			Partition: 0
145831.368 - 1014	DragonPool			Partition: 0
145831.418 - 1015	Island			Partition: 0
145831.422 - 1016	KylinCave			Partition: 0
145831.428 - 1018	Arena			Partition: 0
145831.441 - 1020	Canyon			Partition: 0
145831.445 - 1021	CopperMine			Partition: 0
145831.450 - 1028	IronMine			Partition: 0
145831.454 - 1027	SilverMine			Partition: 0
145831.459 - 1026	CopperMine			Partition: 0
145831.463 - 1025	IronMine			Partition: 0
145831.466 - 1036	Market			Partition: 0
145831.471 - 1038	GuildArea			Partition: 0
145831.487 - 1039	TrainingGround			Partition: 0
145831.492 - 1063	AdventureIsland			Partition: 0
145831.503 - 1062	Maze3			Partition: 0
145831.507 - 1042	PassPortal			Partition: 0
145831.509 - 1043	Peace			Partition: 0
145831.512 - 1044	Chaos			Partition: 0
145831.515 - 1045	Deserted			Partition: 0
145831.518 - 1046	Prosperous			Partition: 0
145831.521 - 1047	Disturbed			Partition: 0
145831.524 - 1048	Calmed			Partition: 0
145831.527 - 1049	Death			Partition: 0
145831.529 - 1050	Life			Partition: 0
145831.540 - 1051	MysticIsland			Partition: 0
145831.556 - 1052	TestIsland			Partition: 0
145831.567 - 1061	Maze2			Partition: 0
145831.577 - 1060	Maze1			Partition: 0
145831.587 - 1041	PrizeClaimingMa			Partition: 0
145831.591 - 1040	SkyCityPass			Partition: 0
145831.595 - 1070	SnakeDen			Partition: 0
145831.606 - 1075	NewCanyon			Partition: 0
145831.611 - 1076	NewForest			Partition: 0
145831.618 - 1077	NewDesert			Partition: 0
145831.671 - 1078	NewIsland			Partition: 0
145831.674 - 1080	Arena2			Partition: 0
145831.680 - 1081	Arena3			Partition: 0
145831.685 - 1100	MoonPlatform			Partition: 0
145831.688 - 1101	MoonPlatform			Partition: 0
145831.692 - 1102	MoonPlatform			Partition: 0
145831.695 - 1103	MoonPlatform			Partition: 0
145831.699 - 1104	MoonPlatform			Partition: 0
145831.703 - 1105	MoonPlatform			Partition: 0
145831.707 - 1106	MoonPlatform			Partition: 0
145831.711 - 1107	MoonPlatform			Partition: 0
145831.715 - 1108	MoonPlatform			Partition: 0
145831.719 - 1109	MoonPlatform			Partition: 0
145831.721 - 5000	NPCJail			Partition: 0
145831.724 - 6000	PKerJail			Partition: 0
145831.726 - 6001	Jail			Partition: 0
145831.729 - 6010	AFKerJail			Partition: 0
145831.742 - 1201	GlobeQuest1			Partition: 0
145831.748 - 1202	GlobeQuest2			Partition: 0
145831.755 - 1204	GlobeQuest4			Partition: 0
145831.768 - 1205	GlobeQuest5			Partition: 0
145831.777 - 1207	GlobeQuest7			Partition: 0
145831.802 - 1208	GlobeQuest8			Partition: 0
145831.821 - 1210	GlobeQuest10			Partition: 0
145831.826 - 1211	GlobeQuest11			Partition: 0
145831.888 - 1212	GlobeIsland			Partition: 0
145831.900 - 1213	GlobeDesert			Partition: 0
145831.908 - 1214	GlobeCanyon			Partition: 0
145831.924 - 1215	GlobeForest			Partition: 0
145831.931 - 1216	GlobePlain			Partition: 0
145831.936 - 1217	JointCanyon			Partition: 0
145831.940 - 1218	CopperMine			Partition: 0
145831.992 - 1219	GlobeExit			Partition: 0
145831.995 - 2000	IronMine2			Partition: 0
145831.998 - 2001	IronMine2F			Partition: 0
145832.004 - 1300	DemonCave			Partition: 0
145832.007 - 2002	IronMine3F			Partition: 0
145832.009 - 2003	IronMine3F			Partition: 0
145832.017 - 2004	IronMine3F			Partition: 0
145832.020 - 2005	IronMine3F			Partition: 0
145832.023 - 2006	IronMine4F			Partition: 0
145832.025 - 2007	IronMine4F			Partition: 0
145832.028 - 2008	IronMine4F			Partition: 0
145832.032 - 2009	IronMine4F			Partition: 0
145832.034 - 2010	IronMine4F			Partition: 0
145832.037 - 2011	IronMine4F			Partition: 0
145832.039 - 2012	IronMine4F			Partition: 0
145832.042 - 2013	IronMine4F			Partition: 0
145832.044 - 2020	CopperMine2F			Partition: 0
145832.048 - 2021	CopperMine2F			Partition: 0
145832.051 - 2022	CopperMine3F			Partition: 0
145832.053 - 2023	CopperMine3F			Partition: 0
145832.055 - 2024	CopperMine3F			Partition: 0
145832.058 - 2025	CopperMine3F			Partition: 0
145832.061 - 2026	CopperMine4F			Partition: 0
145832.063 - 2027	CopperMine4F			Partition: 0
145832.066 - 2028	CopperMine4F			Partition: 0
145832.068 - 2029	CopperMine4F			Partition: 0
145832.071 - 2030	CopperMine4F			Partition: 0
145832.073 - 2031	CopperMine4F			Partition: 0
145832.076 - 2032	CopperMine4F			Partition: 0
145832.078 - 2033	CopperMine4F			Partition: 0
145832.081 - 2040	SilverMine2F			Partition: 0
145832.084 - 2041	SilverMine2F			Partition: 0
145832.087 - 2042	SilverMine3F			Partition: 0
145832.090 - 2043	SilverMine3F			Partition: 0
145832.093 - 2044	SilverMine3F			Partition: 0
145832.095 - 2045	SilverMine3F			Partition: 0
145832.098 - 2046	SilverMine4F			Partition: 0
145832.104 - 2047	SilverMine4F			Partition: 0
145832.107 - 2048	SilverMine4F			Partition: 0
145832.110 - 2049	SilverMine4F			Partition: 0
145832.112 - 2050	SilverMine4F			Partition: 0
145832.115 - 2051	SilverMine4F			Partition: 0
145832.118 - 2052	SilverMine4F			Partition: 0
145832.121 - 2053	SilverMine4F			Partition: 0
145832.124 - 6002	MacroJail			Partition: 0
145832.127 - 1351	Labyrinth			Partition: 0
145832.130 - 1352	Labyrinth			Partition: 0
145832.133 - 1353	Labyrinth			Partition: 0
145832.136 - 1354	Labyrinth			Partition: 0
145832.153 - 1095	Arena2			Partition: 0
145832.157 - 1094	Arena1			Partition: 0
145832.159 - 1093	Arena2			Partition: 0
145832.163 - 1092	Arena1			Partition: 0
145832.166 - 1091	Arena2			Partition: 0
145832.170 - 1090	Arena1			Partition: 0
145832.172 - 1505	CityArena1			Partition: 0
145832.174 - 1515	CityArena1			Partition: 0
145832.177 - 1525	CityArena1			Partition: 0
145832.179 - 1506	CityArena2			Partition: 0
145832.181 - 1516	CityArena2			Partition: 0
145832.185 - 1526	CityArena2			Partition: 0
145832.189 - 1511	FurnitureStore			Partition: 0
145832.191 - 1528	CityArena4			Partition: 0
145832.193 - 1518	CityArena4			Partition: 0
145832.195 - 1508	CityArena4			Partition: 0
145832.200 - 1451	MeteorArena			Partition: 0
145832.202 - 4025	BattleFormation			Partition: 0
145832.205 - 4024	RightCloister			Partition: 0
145832.207 - 4023	LeftCloister			Partition: 0
145832.218 - 4022	HellHall			Partition: 0
145832.232 - 4021	HellGate			Partition: 0
145832.265 - 5002	Trap			Partition: 0
145832.268 - 1551	HalloweenCity1			Partition: 0
145832.271 - 1550	HalloweenCity1			Partition: 0
145832.273 - 700	LotteryMap			Partition: 0
145832.285 - 1700	EvilAbyss			Partition: 0
145832.288 - 1500	ClassPKArena1			Partition: 0
145832.290 - 1501	ClassPKArena2			Partition: 0
145832.292 - 1502	ClassPKArena3			Partition: 0
145832.294 - 1837	ClassPKArena4			Partition: 0
145832.297 - 1838	ClassPKArena5			Partition: 0
145832.301 - 1839	ClassPKArena6			Partition: 0
145832.304 - 1928	ClassPKArena10			Partition: 0
145832.307 - 1946	ClassPKArena7			Partition: 0
145832.310 - 1947	ClassPKArena8			Partition: 0
145832.312 - 1948	ClassPKArena9			Partition: 0
145832.316 - 3000	ClassPKArena10			Partition: 0
145832.319 - 3001	ClassPKArena11			Partition: 0
145832.322 - 3002	ClassPKArena12			Partition: 0
145832.324 - 3003	ClassPKArena13			Partition: 0
145832.326 - 3004	ClassPKArena14			Partition: 0
145832.329 - 3005	ClassPKArena15			Partition: 0
145832.331 - 3006	ClassPKArena16			Partition: 0
145832.335 - 3007	ClassPKArena17			Partition: 0
145832.337 - 3008	ClassPKArena18			Partition: 0
145832.340 - 3009	ClassPKArena19			Partition: 0
145832.343 - 3010	ClassPKArena20			Partition: 0
145832.345 - 3011	ClassPKArena21			Partition: 0
145832.349 - 3012	ClassPKArena22			Partition: 0
145832.351 - 3013	ClassPKArena23			Partition: 0
145832.354 - 3014	ClassPKArena24			Partition: 0
145832.356 - 3015	ClassPKArena25			Partition: 0
145832.359 - 3016	ClassPKWarArena26			Partition: 0
145832.361 - 3017	ClassPKWarArena27			Partition: 0
145832.363 - 3018	ClassPKWarArena28			Partition: 0
145832.368 - 3019	ClassPKWarArena29			Partition: 0
145832.371 - 3862	ClassPKArena34			Partition: 0
145832.373 - 3863	ClassPKArena35			Partition: 0
145832.375 - 3864	ClassPKArena36			Partition: 0
145832.378 - 3865	ClassPKArena37			Partition: 0
145832.380 - 9903	ClassPKArena30			Partition: 0
145832.383 - 9904	ClassPKArena31			Partition: 0
145832.399 - 9905	ClassPKArena32			Partition: 0
145832.402 - 9906	ClassPKArena33			Partition: 0
145832.404 - 10392	ClassPKArena42			Partition: 0
145832.406 - 10393	ClassPKArena43			Partition: 0
145832.408 - 10394	ClassPKArena44			Partition: 0
145832.411 - 10395	ClassPKArena45			Partition: 0
145832.415 - 1762	FrozenGrotto1			Partition: 0
145832.417 - 1927	FrozenGrotto2			Partition: 0
145832.423 - 601	OfflineTG			Partition: 0
145832.426 - 1072	CityArena4			Partition: 0
145832.429 - 2080	LineSkillPKTournamentMap			Partition: 0
145832.434 - 1806	OrchidGarden			Partition: 0
145832.438 - 1782	TreasureHouse			Partition: 0
145832.442 - 1783	TreasureHouse1			Partition: 0
145832.444 - 1784	Hut			Partition: 0
145832.446 - 1785	Dungeon1F			Partition: 0
145832.450 - 1786	Dungeon2F			Partition: 0
145832.453 - 1787	Dungeon3F			Partition: 0
145832.456 - 1794	ViperCave			Partition: 0
145832.461 - 1792	SwanLake			Partition: 0
145832.464 - 1791	RoseGarden			Partition: 0
145832.469 - 900000	PlayersArena			Partition: 0
145832.471 - 1863	TwinCityArena			Partition: 0
145832.474 - 1864	WindPlainArena			Partition: 0
145832.481 - 1868	PhoenixCastleArena			Partition: 0
145832.484 - 1869	MapleForestArena			Partition: 0
145832.487 - 1873	ApeCityArena			Partition: 0
145832.489 - 1874	LoveCanyonArena			Partition: 0
145832.493 - 1878	BirdIslandArena			Partition: 0
145832.495 - 1879	BirdIslandArena			Partition: 0
145832.498 - 1883	DesertCityArena			Partition: 0
145832.501 - 1884	DesertArena			Partition: 0
145832.503 - 2075	CastleWar			Partition: 0
151258.223 - 1000	Desert			Partition: 0
151258.235 - 1001	MysticCastle			Partition: 0
151258.253 - 1002	CentralPlain			Partition: 0
151258.259 - 1003	MineCave			Partition: 0
151258.263 - 1004	JobCenter			Partition: 0
151258.267 - 1005	Arena			Partition: 0
151258.273 - 1006	Stable			Partition: 0
151258.284 - 1007	Blachsmith			Partition: 0
151258.288 - 1008	Grocery			Partition: 0
151258.292 - 1009	ArmorStore			Partition: 0
151258.295 - 1010	BirthVillage			Partition: 0
151258.305 - 1011	Forest			Partition: 0
151258.309 - 1012	Dreamland			Partition: 0
151258.314 - 1013	TigerCave			Partition: 0
151258.320 - 1014	DragonPool			Partition: 0
151258.368 - 1015	Island			Partition: 0
151258.372 - 1016	KylinCave			Partition: 0
151258.377 - 1018	Arena			Partition: 0
151258.390 - 1020	Canyon			Partition: 0
151258.394 - 1021	CopperMine			Partition: 0
151258.398 - 1028	IronMine			Partition: 0
151258.403 - 1027	SilverMine			Partition: 0
151258.406 - 1026	CopperMine			Partition: 0
151258.411 - 1025	IronMine			Partition: 0
151258.414 - 1036	Market			Partition: 0
151258.428 - 1038	GuildArea			Partition: 0
151258.444 - 1039	TrainingGround			Partition: 0
151258.447 - 1063	AdventureIsland			Partition: 0
151258.457 - 1062	Maze3			Partition: 0
151258.461 - 1042	PassPortal			Partition: 0
151258.464 - 1043	Peace			Partition: 0
151258.466 - 1044	Chaos			Partition: 0
151258.469 - 1045	Deserted			Partition: 0
151258.471 - 1046	Prosperous			Partition: 0
151258.474 - 1047	Disturbed			Partition: 0
151258.476 - 1048	Calmed			Partition: 0
151258.479 - 1049	Death			Partition: 0
151258.482 - 1050	Life			Partition: 0
151258.491 - 1051	MysticIsland			Partition: 0
151258.503 - 1052	TestIsland			Partition: 0
151258.512 - 1061	Maze2			Partition: 0
151258.523 - 1060	Maze1			Partition: 0
151258.531 - 1041	PrizeClaimingMa			Partition: 0
151258.534 - 1040	SkyCityPass			Partition: 0
151258.538 - 1070	SnakeDen			Partition: 0
151258.550 - 1075	NewCanyon			Partition: 0
151258.555 - 1076	NewForest			Partition: 0
151258.560 - 1077	NewDesert			Partition: 0
151258.604 - 1078	NewIsland			Partition: 0
151258.607 - 1080	Arena2			Partition: 0
151258.612 - 1081	Arena3			Partition: 0
151258.616 - 1100	MoonPlatform			Partition: 0
151258.619 - 1101	MoonPlatform			Partition: 0
151258.623 - 1102	MoonPlatform			Partition: 0
151258.627 - 1103	MoonPlatform			Partition: 0
151258.630 - 1104	MoonPlatform			Partition: 0
151258.634 - 1105	MoonPlatform			Partition: 0
151258.637 - 1106	MoonPlatform			Partition: 0
151258.642 - 1107	MoonPlatform			Partition: 0
151258.646 - 1108	MoonPlatform			Partition: 0
151258.649 - 1109	MoonPlatform			Partition: 0
151258.652 - 5000	NPCJail			Partition: 0
151258.655 - 6000	PKerJail			Partition: 0
151258.658 - 6001	Jail			Partition: 0
151258.661 - 6010	AFKerJail			Partition: 0
151258.680 - 1201	GlobeQuest1			Partition: 0
151258.685 - 1202	GlobeQuest2			Partition: 0
151258.691 - 1204	GlobeQuest4			Partition: 0
151258.700 - 1205	GlobeQuest5			Partition: 0
151258.709 - 1207	GlobeQuest7			Partition: 0
151258.753 - 1208	GlobeQuest8			Partition: 0
151258.759 - 1210	GlobeQuest10			Partition: 0
151258.766 - 1211	GlobeQuest11			Partition: 0
151258.818 - 1212	GlobeIsland			Partition: 0
151258.830 - 1213	GlobeDesert			Partition: 0
151258.837 - 1214	GlobeCanyon			Partition: 0
151258.851 - 1215	GlobeForest			Partition: 0
151258.857 - 1216	GlobePlain			Partition: 0
151258.863 - 1217	JointCanyon			Partition: 0
151258.867 - 1218	CopperMine			Partition: 0
151258.917 - 1219	GlobeExit			Partition: 0
151258.920 - 2000	IronMine2			Partition: 0
151258.922 - 2001	IronMine2F			Partition: 0
151258.933 - 1300	DemonCave			Partition: 0
151258.936 - 2002	IronMine3F			Partition: 0
151258.938 - 2003	IronMine3F			Partition: 0
151258.941 - 2004	IronMine3F			Partition: 0
151258.943 - 2005	IronMine3F			Partition: 0
151258.946 - 2006	IronMine4F			Partition: 0
151258.949 - 2007	IronMine4F			Partition: 0
151258.952 - 2008	IronMine4F			Partition: 0
151258.954 - 2009	IronMine4F			Partition: 0
151258.957 - 2010	IronMine4F			Partition: 0
151258.959 - 2011	IronMine4F			Partition: 0
151258.962 - 2012	IronMine4F			Partition: 0
151258.965 - 2013	IronMine4F			Partition: 0
151258.967 - 2020	CopperMine2F			Partition: 0
151258.970 - 2021	CopperMine2F			Partition: 0
151258.972 - 2022	CopperMine3F			Partition: 0
151258.974 - 2023	CopperMine3F			Partition: 0
151258.977 - 2024	CopperMine3F			Partition: 0
151258.981 - 2025	CopperMine3F			Partition: 0
151258.984 - 2026	CopperMine4F			Partition: 0
151258.987 - 2027	CopperMine4F			Partition: 0
151258.990 - 2028	CopperMine4F			Partition: 0
151258.992 - 2029	CopperMine4F			Partition: 0
151258.995 - 2030	CopperMine4F			Partition: 0
151258.998 - 2031	CopperMine4F			Partition: 0
151259.000 - 2032	CopperMine4F			Partition: 0
151259.003 - 2033	CopperMine4F			Partition: 0
151259.005 - 2040	SilverMine2F			Partition: 0
151259.007 - 2041	SilverMine2F			Partition: 0
151259.010 - 2042	SilverMine3F			Partition: 0
151259.013 - 2043	SilverMine3F			Partition: 0
151259.019 - 2044	SilverMine3F			Partition: 0
151259.022 - 2045	SilverMine3F			Partition: 0
151259.025 - 2046	SilverMine4F			Partition: 0
151259.030 - 2047	SilverMine4F			Partition: 0
151259.034 - 2048	SilverMine4F			Partition: 0
151259.037 - 2049	SilverMine4F			Partition: 0
151259.041 - 2050	SilverMine4F			Partition: 0
151259.044 - 2051	SilverMine4F			Partition: 0
151259.047 - 2052	SilverMine4F			Partition: 0
151259.050 - 2053	SilverMine4F			Partition: 0
151259.053 - 6002	MacroJail			Partition: 0
151259.056 - 1351	Labyrinth			Partition: 0
151259.058 - 1352	Labyrinth			Partition: 0
151259.062 - 1353	Labyrinth			Partition: 0
151259.079 - 1354	Labyrinth			Partition: 0
151259.082 - 1095	Arena2			Partition: 0
151259.086 - 1094	Arena1			Partition: 0
151259.088 - 1093	Arena2			Partition: 0
151259.092 - 1092	Arena1			Partition: 0
151259.094 - 1091	Arena2			Partition: 0
151259.098 - 1090	Arena1			Partition: 0
151259.101 - 1505	CityArena1			Partition: 0
151259.104 - 1515	CityArena1			Partition: 0
151259.107 - 1525	CityArena1			Partition: 0
151259.109 - 1506	CityArena2			Partition: 0
151259.112 - 1516	CityArena2			Partition: 0
151259.115 - 1526	CityArena2			Partition: 0
151259.118 - 1511	FurnitureStore			Partition: 0
151259.121 - 1528	CityArena4			Partition: 0
151259.123 - 1518	CityArena4			Partition: 0
151259.126 - 1508	CityArena4			Partition: 0
151259.130 - 1451	MeteorArena			Partition: 0
151259.133 - 4025	BattleFormation			Partition: 0
151259.137 - 4024	RightCloister			Partition: 0
151259.146 - 4023	LeftCloister			Partition: 0
151259.167 - 4022	HellHall			Partition: 0
151259.181 - 4021	HellGate			Partition: 0
151259.186 - 5002	Trap			Partition: 0
151259.189 - 1551	HalloweenCity1			Partition: 0
151259.192 - 1550	HalloweenCity1			Partition: 0
151259.196 - 700	LotteryMap			Partition: 0
151259.209 - 1700	EvilAbyss			Partition: 0
151259.213 - 1500	ClassPKArena1			Partition: 0
151259.216 - 1501	ClassPKArena2			Partition: 0
151259.219 - 1502	ClassPKArena3			Partition: 0
151259.222 - 1837	ClassPKArena4			Partition: 0
151259.224 - 1838	ClassPKArena5			Partition: 0
151259.227 - 1839	ClassPKArena6			Partition: 0
151259.230 - 1928	ClassPKArena10			Partition: 0
151259.233 - 1946	ClassPKArena7			Partition: 0
151259.236 - 1947	ClassPKArena8			Partition: 0
151259.238 - 1948	ClassPKArena9			Partition: 0
151259.240 - 3000	ClassPKArena10			Partition: 0
151259.243 - 3001	ClassPKArena11			Partition: 0
151259.246 - 3002	ClassPKArena12			Partition: 0
151259.248 - 3003	ClassPKArena13			Partition: 0
151259.251 - 3004	ClassPKArena14			Partition: 0
151259.253 - 3005	ClassPKArena15			Partition: 0
151259.256 - 3006	ClassPKArena16			Partition: 0
151259.259 - 3007	ClassPKArena17			Partition: 0
151259.262 - 3008	ClassPKArena18			Partition: 0
151259.264 - 3009	ClassPKArena19			Partition: 0
151259.266 - 3010	ClassPKArena20			Partition: 0
151259.269 - 3011	ClassPKArena21			Partition: 0
151259.271 - 3012	ClassPKArena22			Partition: 0
151259.273 - 3013	ClassPKArena23			Partition: 0
151259.276 - 3014	ClassPKArena24			Partition: 0
151259.278 - 3015	ClassPKArena25			Partition: 0
151259.280 - 3016	ClassPKWarArena26			Partition: 0
151259.283 - 3017	ClassPKWarArena27			Partition: 0
151259.285 - 3018	ClassPKWarArena28			Partition: 0
151259.287 - 3019	ClassPKWarArena29			Partition: 0
151259.290 - 3862	ClassPKArena34			Partition: 0
151259.292 - 3863	ClassPKArena35			Partition: 0
151259.309 - 3864	ClassPKArena36			Partition: 0
151259.312 - 3865	ClassPKArena37			Partition: 0
151259.315 - 9903	ClassPKArena30			Partition: 0
151259.317 - 9904	ClassPKArena31			Partition: 0
151259.319 - 9905	ClassPKArena32			Partition: 0
151259.323 - 9906	ClassPKArena33			Partition: 0
151259.326 - 10392	ClassPKArena42			Partition: 0
151259.329 - 10393	ClassPKArena43			Partition: 0
151259.331 - 10394	ClassPKArena44			Partition: 0
151259.334 - 10395	ClassPKArena45			Partition: 0
151259.338 - 1762	FrozenGrotto1			Partition: 0
151259.341 - 1927	FrozenGrotto2			Partition: 0
151259.349 - 601	OfflineTG			Partition: 0
151259.353 - 1072	CityArena4			Partition: 0
151259.355 - 2080	LineSkillPKTournamentMap			Partition: 0
151259.358 - 1806	OrchidGarden			Partition: 0
151259.362 - 1782	TreasureHouse			Partition: 0
151259.367 - 1783	TreasureHouse1			Partition: 0
151259.369 - 1784	Hut			Partition: 0
151259.372 - 1785	Dungeon1F			Partition: 0
151259.374 - 1786	Dungeon2F			Partition: 0
151259.377 - 1787	Dungeon3F			Partition: 0
151259.382 - 1794	ViperCave			Partition: 0
151259.387 - 1792	SwanLake			Partition: 0
151259.390 - 1791	RoseGarden			Partition: 0
151259.398 - 900000	PlayersArena			Partition: 0
151259.401 - 1863	TwinCityArena			Partition: 0
151259.404 - 1864	WindPlainArena			Partition: 0
151259.406 - 1868	PhoenixCastleArena			Partition: 0
151259.408 - 1869	MapleForestArena			Partition: 0
151259.411 - 1873	ApeCityArena			Partition: 0
151259.414 - 1874	LoveCanyonArena			Partition: 0
151259.417 - 1878	BirdIslandArena			Partition: 0
151259.419 - 1879	BirdIslandArena			Partition: 0
151259.421 - 1883	DesertCityArena			Partition: 0
151259.424 - 1884	DesertArena			Partition: 0
151259.427 - 2075	CastleWar			Partition: 0
